<?xml version="1.0" encoding="UTF-8"?>
<!-- Generated by org.testng.reporters.JUnitReportReporter -->
<testsuite hostname="DESKTOP-5QLF42K" failures="0" tests="1" name="com.mystore.testcase.OrderPageTest" time="12.030" errors="0" timestamp="2024-05-28T00:20:16 IST" skipped="0">
  <testcase classname="com.mystore.testcase.OrderPageTest" name="verifyOrder" time="12.030"/>
  <system-out/>
</testsuite> <!-- com.mystore.testcase.OrderPageTest -->
