<?xml version="1.0" encoding="UTF-8"?>
<!-- Generated by org.testng.reporters.JUnitReportReporter -->
<testsuite hostname="DESKTOP-5QLF42K" failures="0" tests="1" name="com.mystore.testcase.HomePageTest" time="20.170" errors="0" timestamp="2024-05-23T00:29:23 IST" skipped="0">
  <testcase classname="com.mystore.testcase.HomePageTest" name="wishListCheck" time="20.170"/>
  <system-out/>
</testsuite> <!-- com.mystore.testcase.HomePageTest -->
