<?xml version="1.0" encoding="UTF-8"?>
<!-- Generated by org.testng.reporters.JUnitReportReporter -->
<testsuite hostname="DESKTOP-5QLF42K" failures="0" tests="2" name="com.mystore.testcase.HomePageTest" time="26.646" errors="0" timestamp="2024-05-21T23:31:12 IST" skipped="0">
  <testcase classname="com.mystore.testcase.HomePageTest" name="wishListCheck" time="14.182"/>
  <system-out/>
  <testcase classname="com.mystore.testcase.HomePageTest" name="orderHistoryCheck" time="12.464"/>
  <system-out/>
</testsuite> <!-- com.mystore.testcase.HomePageTest -->
