<?xml version="1.0" encoding="UTF-8"?>
<!-- Generated by org.testng.reporters.JUnitReportReporter -->
<testsuite hostname="DESKTOP-5QLF42K" failures="0" tests="1" name="com.bank.testcase.IndexPageTest" time="10.815" errors="0" timestamp="2024-05-18T01:31:06 IST" skipped="0">
  <testcase classname="com.bank.testcase.IndexPageTest" name="verifyTitle" time="10.815"/>
  <system-out/>
</testsuite> <!-- com.bank.testcase.IndexPageTest -->
