<?xml version="1.0" encoding="UTF-8"?>
<!-- Generated by org.testng.reporters.JUnitReportReporter -->
<testsuite hostname="DESKTOP-5QLF42K" failures="0" tests="2" name="com.bank.testcase.IndexPageTest" time="16.711" errors="0" timestamp="2024-05-19T18:14:58 IST" skipped="0">
  <testcase classname="com.bank.testcase.IndexPageTest" name="verifyLogo" time="9.997"/>
  <system-out/>
  <testcase classname="com.bank.testcase.IndexPageTest" name="verifyTitle" time="6.714"/>
  <system-out/>
</testsuite> <!-- com.bank.testcase.IndexPageTest -->
