<?xml version="1.0" encoding="UTF-8"?>
<!-- Generated by org.testng.reporters.JUnitReportReporter -->
<testsuite hostname="DESKTOP-5QLF42K" failures="0" tests="2" name="com.mystore.testcase.IndexPageTest" time="12.712" errors="0" timestamp="2024-05-21T23:18:08 IST" skipped="0">
  <testcase classname="com.mystore.testcase.IndexPageTest" name="verifyTitle" time="5.111"/>
  <system-out/>
  <testcase classname="com.mystore.testcase.IndexPageTest" name="verifyLogo" time="7.601"/>
  <system-out/>
</testsuite> <!-- com.mystore.testcase.IndexPageTest -->
