<?xml version="1.0" encoding="UTF-8"?>
<!-- Generated by org.testng.reporters.JUnitReportReporter -->
<testsuite hostname="DESKTOP-5QLF42K" failures="0" tests="1" name="com.mystore.testcase.EndToEndTest" time="45.172" errors="0" timestamp="2024-06-29T14:56:41 IST" skipped="0">
  <testcase classname="com.mystore.testcase.EndToEndTest" name="endToEndTest" time="45.172"/>
  <system-out/>
</testsuite> <!-- com.mystore.testcase.EndToEndTest -->
