<?xml version="1.0" encoding="UTF-8"?>
<!-- Generated by org.testng.reporters.JUnitReportReporter -->
<testsuite hostname="DESKTOP-5QLF42K" failures="0" tests="1" name="com.mystore.testcase.LogInPageTest" time="12.462" errors="0" timestamp="2024-05-21T23:26:55 IST" skipped="0">
  <testcase classname="com.mystore.testcase.LogInPageTest" name="verifyLogIn" time="12.462"/>
  <system-out/>
</testsuite> <!-- com.mystore.testcase.LogInPageTest -->
