<?xml version="1.0" encoding="UTF-8"?>
<!-- Generated by org.testng.reporters.JUnitReportReporter -->
<testsuite hostname="DESKTOP-5QLF42K" failures="0" tests="2" name="com.mystore.testcase.IndexPageTest" time="17.332" errors="0" timestamp="2024-05-19T23:43:19 IST" skipped="0">
  <testcase classname="com.mystore.testcase.IndexPageTest" name="verifyLogo" time="11.526"/>
  <system-out/>
  <testcase classname="com.mystore.testcase.IndexPageTest" name="verifyTitle" time="5.806"/>
  <system-out/>
</testsuite> <!-- com.mystore.testcase.IndexPageTest -->
